Release 14.7 - xst P.20131013 (nt)
Copyright (c) 1995-2013 Xilinx, Inc.  All rights reserved.
--> Parameter TMPDIR set to xst/projnav.tmp


Total REAL time to Xst completion: 1.00 secs
Total CPU time to Xst completion: 0.20 secs
 
--> Parameter xsthdpdir set to xst


Total REAL time to Xst completion: 1.00 secs
Total CPU time to Xst completion: 0.20 secs
 
--> Reading design: Second.prj

TABLE OF CONTENTS
  1) Synthesis Options Summary
  2) HDL Compilation
  3) Design Hierarchy Analysis
  4) HDL Analysis
  5) HDL Synthesis
     5.1) HDL Synthesis Report
  6) Advanced HDL Synthesis
     6.1) Advanced HDL Synthesis Report
  7) Low Level Synthesis
  8) Partition Report
  9) Final Report
	9.1) Device utilization summary
	9.2) Partition Resource Summary
	9.3) TIMING REPORT


=========================================================================
*                      Synthesis Options Summary                        *
=========================================================================
---- Source Parameters
Input File Name                    : "Second.prj"
Input Format                       : mixed
Ignore Synthesis Constraint File   : NO

---- Target Parameters
Output File Name                   : "Second"
Output Format                      : NGC
Target Device                      : xc3s400-4-pq208

---- Source Options
Top Module Name                    : Second
Automatic FSM Extraction           : YES
FSM Encoding Algorithm             : Auto
Safe Implementation                : No
FSM Style                          : LUT
RAM Extraction                     : Yes
RAM Style                          : Auto
ROM Extraction                     : Yes
Mux Style                          : Auto
Decoder Extraction                 : YES
Priority Encoder Extraction        : Yes
Shift Register Extraction          : YES
Logical Shifter Extraction         : YES
XOR Collapsing                     : YES
ROM Style                          : Auto
Mux Extraction                     : Yes
Resource Sharing                   : YES
Asynchronous To Synchronous        : NO
Multiplier Style                   : Auto
Automatic Register Balancing       : No

---- Target Options
Add IO Buffers                     : YES
Global Maximum Fanout              : 100000
Add Generic Clock Buffer(BUFG)     : 8
Register Duplication               : YES
Slice Packing                      : YES
Optimize Instantiated Primitives   : NO
Use Clock Enable                   : Yes
Use Synchronous Set                : Yes
Use Synchronous Reset              : Yes
Pack IO Registers into IOBs        : Auto
Equivalent register Removal        : YES

---- General Options
Optimization Goal                  : Speed
Optimization Effort                : 1
Keep Hierarchy                     : No
Netlist Hierarchy                  : As_Optimized
RTL Output                         : Yes
Global Optimization                : AllClockNets
Read Cores                         : YES
Write Timing Constraints           : NO
Cross Clock Analysis               : NO
Hierarchy Separator                : /
Bus Delimiter                      : <>
Case Specifier                     : Maintain
Slice Utilization Ratio            : 100
BRAM Utilization Ratio             : 100
Verilog 2001                       : YES
Auto BRAM Packing                  : NO
Slice Utilization Ratio Delta      : 5

=========================================================================


=========================================================================
*                          HDL Compilation                              *
=========================================================================
Compiling vhdl file "C:/Documents and Settings/Digital_Timer/SUB_module.vhd" in Library work.
Architecture behavioral of Entity sum_module is up to date.
Compiling vhdl file "C:/Documents and Settings/Digital_Timer/Seconds.vhd" in Library work.
Entity <Second> compiled.
Entity <Second> (Architecture <Behavioral>) compiled.

=========================================================================
*                     Design Hierarchy Analysis                         *
=========================================================================
Analyzing hierarchy for entity <Second> in library <work> (architecture <Behavioral>).

Analyzing hierarchy for entity <SUM_module> in library <work> (architecture <behavioral>).


=========================================================================
*                            HDL Analysis                               *
=========================================================================
Analyzing Entity <Second> in library <work> (Architecture <Behavioral>).
WARNING:Xst:753 - "C:/Documents and Settings/Digital_Timer/Seconds.vhd" line 33: Unconnected output port 'C_s_out' of component 'SUM_module'.
Entity <Second> analyzed. Unit <Second> generated.

Analyzing Entity <SUM_module> in library <work> (Architecture <behavioral>).
Entity <SUM_module> analyzed. Unit <SUM_module> generated.


=========================================================================
*                           HDL Synthesis                               *
=========================================================================

Performing bidirectional port resolution...

Synthesizing Unit <SUM_module>.
    Related source file is "C:/Documents and Settings/Digital_Timer/SUB_module.vhd".
WARNING:Xst:1780 - Signal <j> is never used or assigned. This unconnected signal will be trimmed during the optimization process.
WARNING:Xst:1780 - Signal <i> is never used or assigned. This unconnected signal will be trimmed during the optimization process.
    Found 5-bit xor2 for signal <S_out<5:1>>.
Unit <SUM_module> synthesized.


Synthesizing Unit <Second>.
    Related source file is "C:/Documents and Settings/Digital_Timer/Seconds.vhd".
    Found 6-bit register for signal <Seconds>.
    Found 1-bit register for signal <Done>.
    Found 1-bit register for signal <D>.
    Found 6-bit register for signal <REG>.
    Found 1-bit register for signal <STATE>.
    Summary:
	inferred  15 D-type flip-flop(s).
Unit <Second> synthesized.


=========================================================================
HDL Synthesis Report

Macro Statistics
# Registers                                            : 5
 1-bit register                                        : 3
 6-bit register                                        : 2
# Xors                                                 : 5
 1-bit xor2                                            : 5

=========================================================================

=========================================================================
*                       Advanced HDL Synthesis                          *
=========================================================================


=========================================================================
Advanced HDL Synthesis Report

Macro Statistics
# Registers                                            : 15
 Flip-Flops                                            : 15
# Xors                                                 : 5
 1-bit xor2                                            : 5

=========================================================================

=========================================================================
*                         Low Level Synthesis                           *
=========================================================================

Optimizing unit <Second> ...

Mapping all equations...
Building and optimizing final netlist ...
Found area constraint ratio of 100 (+ 5) on block Second, actual ratio is 0.

Final Macro Processing ...

=========================================================================
Final Register Report

Macro Statistics
# Registers                                            : 15
 Flip-Flops                                            : 15

=========================================================================

=========================================================================
*                           Partition Report                            *
=========================================================================

Partition Implementation Status
-------------------------------

  No Partitions were found in this design.

-------------------------------

=========================================================================
*                            Final Report                               *
=========================================================================
Final Results
RTL Top Level Output File Name     : Second.ngr
Top Level Output File Name         : Second
Output Format                      : NGC
Optimization Goal                  : Speed
Keep Hierarchy                     : No

Design Statistics
# IOs                              : 12

Cell Usage :
# BELS                             : 29
#      GND                         : 1
#      INV                         : 1
#      LUT2                        : 5
#      LUT3                        : 2
#      LUT3_D                      : 1
#      LUT4                        : 11
#      LUT4_D                      : 4
#      LUT4_L                      : 3
#      MUXF5                       : 1
# FlipFlops/Latches                : 15
#      FD                          : 7
#      FDE                         : 1
#      FDRE                        : 6
#      FDSE                        : 1
# Clock Buffers                    : 1
#      BUFGP                       : 1
# IO Buffers                       : 11
#      IBUF                        : 4
#      OBUF                        : 7
=========================================================================

Device utilization summary:
---------------------------

Selected Device : 3s400pq208-4 

 Number of Slices:                       15  out of   3584     0%  
 Number of Slice Flip Flops:             15  out of   7168     0%  
 Number of 4 input LUTs:                 27  out of   7168     0%  
 Number of IOs:                          12
 Number of bonded IOBs:                  12  out of    141     8%  
 Number of GCLKs:                         1  out of      8    12%  

---------------------------
Partition Resource Summary:
---------------------------

  No Partitions were found in this design.

---------------------------


=========================================================================
TIMING REPORT

NOTE: THESE TIMING NUMBERS ARE ONLY A SYNTHESIS ESTIMATE.
      FOR ACCURATE TIMING INFORMATION PLEASE REFER TO THE TRACE REPORT
      GENERATED AFTER PLACE-and-ROUTE.

Clock Information:
------------------
-----------------------------------+------------------------+-------+
Clock Signal                       | Clock buffer(FF name)  | Load  |
-----------------------------------+------------------------+-------+
Clk                                | BUFGP                  | 15    |
-----------------------------------+------------------------+-------+

Asynchronous Control Signals Information:
----------------------------------------
No asynchronous control signals found in this design

Timing Summary:
---------------
Speed Grade: -4

   Minimum period: 5.765ns (Maximum Frequency: 173.461MHz)
   Minimum input arrival time before clock: 7.708ns
   Maximum output required time after clock: 7.165ns
   Maximum combinational path delay: No path found

Timing Detail:
--------------
All values displayed in nanoseconds (ns)

=========================================================================
Timing constraint: Default period analysis for Clock 'Clk'
  Clock period: 5.765ns (frequency: 173.461MHz)
  Total number of paths / destination ports: 123 / 21
-------------------------------------------------------------------------
Delay:               5.765ns (Levels of Logic = 3)
  Source:            REG_4 (FF)
  Destination:       REG_0 (FF)
  Source Clock:      Clk rising
  Destination Clock: Clk rising

  Data Path: REG_4 to REG_0
                                Gate     Net
    Cell:in->out      fanout   Delay   Delay  Logical Name (Net Name)
    ----------------------------------------  ------------
     FDRE:C->Q             8   0.720   1.109  REG_4 (REG_4)
     LUT4:I3->O            1   0.551   0.000  D_cmp_eq0000_SW4_G (N28)
     MUXF5:I1->O           1   0.360   0.869  D_cmp_eq0000_SW4 (N15)
     LUT4:I2->O            6   0.551   1.003  REG_not0002 (REG_not0002)
     FDRE:CE                   0.602          REG_0
    ----------------------------------------
    Total                      5.765ns (2.784ns logic, 2.981ns route)
                                       (48.3% logic, 51.7% route)

=========================================================================
Timing constraint: Default OFFSET IN BEFORE for Clock 'Clk'
  Total number of paths / destination ports: 78 / 22
-------------------------------------------------------------------------
Offset:              7.708ns (Levels of Logic = 5)
  Source:            Start (PAD)
  Destination:       REG_0 (FF)
  Destination Clock: Clk rising

  Data Path: Start to REG_0
                                Gate     Net
    Cell:in->out      fanout   Delay   Delay  Logical Name (Net Name)
    ----------------------------------------  ------------
     IBUF:I->O             5   0.821   1.260  Start_IBUF (Start_IBUF)
     LUT2:I0->O            1   0.551   1.140  REG_not0002_SW0 (N01)
     LUT4:I0->O            1   0.551   0.000  D_cmp_eq0000_SW4_G (N28)
     MUXF5:I1->O           1   0.360   0.869  D_cmp_eq0000_SW4 (N15)
     LUT4:I2->O            6   0.551   1.003  REG_not0002 (REG_not0002)
     FDRE:CE                   0.602          REG_0
    ----------------------------------------
    Total                      7.708ns (3.436ns logic, 4.272ns route)
                                       (44.6% logic, 55.4% route)

=========================================================================
Timing constraint: Default OFFSET OUT AFTER for Clock 'Clk'
  Total number of paths / destination ports: 7 / 7
-------------------------------------------------------------------------
Offset:              7.165ns (Levels of Logic = 1)
  Source:            Done (FF)
  Destination:       Done (PAD)
  Source Clock:      Clk rising

  Data Path: Done to Done
                                Gate     Net
    Cell:in->out      fanout   Delay   Delay  Logical Name (Net Name)
    ----------------------------------------  ------------
     FD:C->Q               1   0.720   0.801  Done (Done_OBUF)
     OBUF:I->O                 5.644          Done_OBUF (Done)
    ----------------------------------------
    Total                      7.165ns (6.364ns logic, 0.801ns route)
                                       (88.8% logic, 11.2% route)

=========================================================================


Total REAL time to Xst completion: 8.00 secs
Total CPU time to Xst completion: 7.83 secs
 
--> 

Total memory usage is 150008 kilobytes

Number of errors   :    0 (   0 filtered)
Number of warnings :    3 (   0 filtered)
Number of infos    :    0 (   0 filtered)

